# JRE version: Java(TM) SE Runtime Environment (8.0_40-b25) (build 1.8.0_40-b25)
# Java VM: Java HotSpot(TM) 64-Bit Server VM (25.40-b25 mixed mode windows-amd64 compressed oops)
Heap:
 PSYoungGen      total 83456K, used 30311K [0x00000000eab00000, 0x00000000f1f80000, 0x0000000100000000)
  eden space 54784K, 14% used [0x00000000eab00000,0x00000000eb2b0420,0x00000000ee080000)
  from space 28672K, 78% used [0x00000000eff00000,0x00000000f14e9830,0x00000000f1b00000)
  to   space 31232K, 0% used [0x00000000ee080000,0x00000000ee080000,0x00000000eff00000)
 ParOldGen       total 84992K, used 64341K [0x00000000c0000000, 0x00000000c5300000, 0x00000000eab00000)
  object space 84992K, 75% used [0x00000000c0000000,0x00000000c3ed55a8,0x00000000c5300000)
 Metaspace       used 11860K, capacity 12034K, committed 12160K, reserved 1060864K
  class space    used 1227K, capacity 1283K, committed 1408K, reserved 1048576K
GC Heap History (10 events):
Event: 13.783 GC heap before
{Heap before GC invocations=9 (full 1):
 PSYoungGen      total 74752K, used 72101K [0x00000000eab00000, 0x00000000f0800000, 0x0000000100000000)
  eden space 57856K, 100% used [0x00000000eab00000,0x00000000ee380000,0x00000000ee380000)
  from space 16896K, 84% used [0x00000000ee380000,0x00000000ef169618,0x00000000ef400000)
  to   space 13312K, 0% used [0x00000000ef400000,0x00000000ef400000,0x00000000f0100000)
 ParOldGen       total 84992K, used 43992K [0x00000000c0000000, 0x00000000c5300000, 0x00000000eab00000)
  object space 84992K, 51% used [0x00000000c0000000,0x00000000c2af6148,0x00000000c5300000)
 Metaspace       used 11767K, capacity 11906K, committed 12160K, reserved 1060864K
  class space    used 1227K, capacity 1283K, committed 1408K, reserved 1048576K
Event: 13.826 GC heap after
Heap after GC invocations=9 (full 1):
 PSYoungGen      total 71168K, used 13282K [0x00000000eab00000, 0x00000000f0800000, 0x0000000100000000)
  eden space 57856K, 0% used [0x00000000eab00000,0x00000000eab00000,0x00000000ee380000)
  from space 13312K, 99% used [0x00000000ef400000,0x00000000f00f8ba8,0x00000000f0100000)
  to   space 16896K, 0% used [0x00000000ee380000,0x00000000ee380000,0x00000000ef400000)
 ParOldGen       total 84992K, used 53125K [0x00000000c0000000, 0x00000000c5300000, 0x00000000eab00000)
  object space 84992K, 62% used [0x00000000c0000000,0x00000000c33e1510,0x00000000c5300000)
 Metaspace       used 11767K, capacity 11906K, committed 12160K, reserved 1060864K
  class space    used 1227K, capacity 1283K, committed 1408K, reserved 1048576K
}
Event: 14.248 GC heap before
{Heap before GC invocations=10 (full 1):
 PSYoungGen      total 71168K, used 71138K [0x00000000eab00000, 0x00000000f0800000, 0x0000000100000000)
  eden space 57856K, 100% used [0x00000000eab00000,0x00000000ee380000,0x00000000ee380000)
  from space 13312K, 99% used [0x00000000ef400000,0x00000000f00f8ba8,0x00000000f0100000)
  to   space 16896K, 0% used [0x00000000ee380000,0x00000000ee380000,0x00000000ef400000)
 ParOldGen       total 84992K, used 53125K [0x00000000c0000000, 0x00000000c5300000, 0x00000000eab00000)
  object space 84992K, 62% used [0x00000000c0000000,0x00000000c33e1510,0x00000000c5300000)
 Metaspace       used 11769K, capacity 11906K, committed 12160K, reserved 1060864K
  class space    used 1227K, capacity 1283K, committed 1408K, reserved 1048576K
Event: 14.290 GC heap after
Heap after GC invocations=10 (full 1):
 PSYoungGen      total 74752K, used 10464K [0x00000000eab00000, 0x00000000f0800000, 0x0000000100000000)
  eden space 57856K, 0% used [0x00000000eab00000,0x00000000eab00000,0x00000000ee380000)
  from space 16896K, 61% used [0x00000000ee380000,0x00000000eedb8258,0x00000000ef400000)
  to   space 13312K, 0% used [0x00000000ef400000,0x00000000ef400000,0x00000000f0100000)
 ParOldGen       total 84992K, used 57769K [0x00000000c0000000, 0x00000000c5300000, 0x00000000eab00000)
  object space 84992K, 67% used [0x00000000c0000000,0x00000000c386a6d0,0x00000000c5300000)
 Metaspace       used 11769K, capacity 11906K, committed 12160K, reserved 1060864K
  class space    used 1227K, capacity 1283K, committed 1408K, reserved 1048576K
}
Event: 15.907 GC heap before
{Heap before GC invocations=11 (full 1):
 PSYoungGen      total 74752K, used 68320K [0x00000000eab00000, 0x00000000f0800000, 0x0000000100000000)
  eden space 57856K, 100% used [0x00000000eab00000,0x00000000ee380000,0x00000000ee380000)
  from space 16896K, 61% used [0x00000000ee380000,0x00000000eedb8258,0x00000000ef400000)
  to   space 13312K, 0% used [0x00000000ef400000,0x00000000ef400000,0x00000000f0100000)
 ParOldGen       total 84992K, used 57769K [0x00000000c0000000, 0x00000000c5300000, 0x00000000eab00000)
  object space 84992K, 67% used [0x00000000c0000000,0x00000000c386a6d0,0x00000000c5300000)
 Metaspace       used 11774K, capacity 11906K, committed 12160K, reserved 1060864K
  class space    used 1227K, capacity 1283K, committed 1408K, reserved 1048576K
Event: 15.932 GC heap after
Heap after GC invocations=11 (full 1):
 PSYoungGen      total 58368K, used 6240K [0x00000000eab00000, 0x00000000f2c80000, 0x0000000100000000)
  eden space 45056K, 0% used [0x00000000eab00000,0x00000000eab00000,0x00000000ed700000)
  from space 13312K, 46% used [0x00000000ef400000,0x00000000efa18020,0x00000000f0100000)
  to   space 29696K, 0% used [0x00000000ed700000,0x00000000ed700000,0x00000000ef400000)
 ParOldGen       total 84992K, used 64333K [0x00000000c0000000, 0x00000000c5300000, 0x00000000eab00000)
  object space 84992K, 75% used [0x00000000c0000000,0x00000000c3ed35a8,0x00000000c5300000)
 Metaspace       used 11774K, capacity 11906K, committed 12160K, reserved 1060864K
  class space    used 1227K, capacity 1283K, committed 1408K, reserved 1048576K
}
Event: 16.139 GC heap before
{Heap before GC invocations=12 (full 1):
 PSYoungGen      total 58368K, used 51296K [0x00000000eab00000, 0x00000000f2c80000, 0x0000000100000000)
  eden space 45056K, 100% used [0x00000000eab00000,0x00000000ed700000,0x00000000ed700000)
  from space 13312K, 46% used [0x00000000ef400000,0x00000000efa18020,0x00000000f0100000)
  to   space 29696K, 0% used [0x00000000ed700000,0x00000000ed700000,0x00000000ef400000)
 ParOldGen       total 84992K, used 64333K [0x00000000c0000000, 0x00000000c5300000, 0x00000000eab00000)
  object space 84992K, 75% used [0x00000000c0000000,0x00000000c3ed35a8,0x00000000c5300000)
 Metaspace       used 11774K, capacity 11906K, committed 12160K, reserved 1060864K
  class space    used 1227K, capacity 1283K, committed 1408K, reserved 1048576K
Event: 16.149 GC heap after
Heap after GC invocations=12 (full 1):
 PSYoungGen      total 74752K, used 7104K [0x00000000eab00000, 0x00000000f1b00000, 0x0000000100000000)
  eden space 45056K, 0% used [0x00000000eab00000,0x00000000eab00000,0x00000000ed700000)
  from space 29696K, 23% used [0x00000000ed700000,0x00000000eddf0020,0x00000000ef400000)
  to   space 28672K, 0% used [0x00000000eff00000,0x00000000eff00000,0x00000000f1b00000)
 ParOldGen       total 84992K, used 64333K [0x00000000c0000000, 0x00000000c5300000, 0x00000000eab00000)
  object space 84992K, 75% used [0x00000000c0000000,0x00000000c3ed35a8,0x00000000c5300000)
 Metaspace       used 11774K, capacity 11906K, committed 12160K, reserved 1060864K
  class space    used 1227K, capacity 1283K, committed 1408K, reserved 1048576K
}
Event: 18.469 GC heap before
{Heap before GC invocations=13 (full 1):
 PSYoungGen      total 74752K, used 52160K [0x00000000eab00000, 0x00000000f1b00000, 0x0000000100000000)
  eden space 45056K, 100% used [0x00000000eab00000,0x00000000ed700000,0x00000000ed700000)
  from space 29696K, 23% used [0x00000000ed700000,0x00000000eddf0020,0x00000000ef400000)
  to   space 28672K, 0% used [0x00000000eff00000,0x00000000eff00000,0x00000000f1b00000)
 ParOldGen       total 84992K, used 64333K [0x00000000c0000000, 0x00000000c5300000, 0x00000000eab00000)
  object space 84992K, 75% used [0x00000000c0000000,0x00000000c3ed35a8,0x00000000c5300000)
 Metaspace       used 11848K, capacity 12034K, committed 12160K, reserved 1060864K
  class space    used 1227K, capacity 1283K, committed 1408K, reserved 1048576K
Event: 18.541 GC heap after
Heap after GC invocations=13 (full 1):
 PSYoungGen      total 83456K, used 22438K [0x00000000eab00000, 0x00000000f1f80000, 0x0000000100000000)
  eden space 54784K, 0% used [0x00000000eab00000,0x00000000eab00000,0x00000000ee080000)
  from space 28672K, 78% used [0x00000000eff00000,0x00000000f14e9830,0x00000000f1b00000)
  to   space 31232K, 0% used [0x00000000ee080000,0x00000000ee080000,0x00000000eff00000)
 ParOldGen       total 84992K, used 64341K [0x00000000c0000000, 0x00000000c5300000, 0x00000000eab00000)
  object space 84992K, 75% used [0x00000000c0000000,0x00000000c3ed55a8,0x00000000c5300000)
 Metaspace       used 11848K, capacity 12034K, committed 12160K, reserved 1060864K
  class space    used 1227K, capacity 1283K, committed 1408K, reserved 1048576K
}

